2018-05-19 22:54:01,385 [16300] INFO  YongYou.Server.Program - [AllAPIUrl:
]http://te-cool.com:99/xhwy
http://te-cool.com:99/xsh
http://te-cool.com:99/cddfwns
http://te-cool.com:99/gzykxy
http://te-cool.com:99/scslt
http://te-cool.com:99/cqykwy
http://te-cool.com:99/wuwh
http://te-cool.com:99/cqlswy
http://te-cool.com:99/ncysjx
http://te-cool.com:99/hnxcxd
http://te-cool.com:99/tanling
http://te-cool.com:99/cqat
http://te-cool.com:99/cqxixin
http://te-cool.com:99/cqlvdou
http://te-cool.com:99/cqylwy
http://te-cool.com:99/cqyx
http://te-cool.com:99/gywfwy
http://te-cool.com:99/gdjmhrwy
http://te-cool.com:99/cqsfnm
http://te-cool.com:99/cqjfwu
http://te-cool.com:99/cqhzwy
http://te-cool.com:99/cqfyta
http://te-cool.com:99/cqypwy
http://te-cool.com:99/dqbnhl
http://demo.saasyy.com
http://te-cool.com:99/cqtawy
http://te-cool.com:99/cqxd
http://te-cool.com:99/gdrs
http://te-cool.com:99/cqyoulanwy
http://te-cool.com:99/cqtywy
http://te-cool.com:99/gdszwy
http://te-cool.com:99/ssyqwy
http://te-cool.com:99/gdlrwy
http://te-cool.com:99/qhkzygwy
http://te-cool.com:99/scjjemwy
http://te-cool.com:99/scmaoruiwy
http://te-cool.com:99/scdzyy
http://te-cool.com:99/scsnxzwy
http://te-cool.com:99/scyckywy
http://te-cool.com:99/scjieshunwy
http://te-cool.com:99/qhhxjy
http://te-cool.com:99/scxianyiwy
http://te-cool.com:99/scgythwy
http://te-cool.com:99/xnhongjuwuye
http://te-cool.com:99/lswxtd
http://te-cool.com:99/scxlxwuye
http://te-cool.com:99/cqtongyeyzhy
http://te-cool.com:99/scfrywuye
http://te-cool.com:99/hljsxnwy
http://te-cool.com:99/cqlijiu
http://te-cool.com:99/yysaas
http://te-cool.com:99/yljwy
http://te-cool.com:99/yalejuwy
http://te-cool.com:99/dyhuaxiwy
http://te-cool.com:99/xingchengwy
http://te-cool.com:99/zgkxwy
http://te-cool.com:99/bzhuiyuan
http://te-cool.com:99/cqhjzx
http://te-cool.com:99/ymhhwy
http://te-cool.com:99/ykdhwy
http://te-cool.com:99/djhcwy
http://te-cool.com:99/knsy
http://te-cool.com:99/jinhuawy
http://te-cool.com:99/nxysdrl
http://te-cool.com:99/tianyuewy
http://te-cool.com:99/yjrrwy
http://te-cool.com:99/ldjdwy
http://te-cool.com:99/lbqceshi
http://te-cool.com:99/tjsd
http://te-cool.com:99/hebaj
http://te-cool.com:99/qhjhwy
http://te-cool.com:99/cdhysc
http://te-cool.com:99/nxyzc
http://te-cool.com:99/xnyfwy
http://te-cool.com:99/lbc
http://te-cool.com:99/yxxq
http://te-cool.com:99/xjwy
http://te-cool.com:99/khysxt
http://te-cool.com:99/gyhssy
http://te-cool.com:99/cqrcda
http://te-cool.com:99/jswy
http://te-cool.com:99/scncjh
http://te-cool.com:99/zxhxwy
http://te-cool.com:99/cqqixinwy
http://te-cool.com:99/csbtwy
http://yzdemo.gnway.cc:8000
http://te-cool.com:99/jysjxwy
http://te-cool.com:99/hnsh
http://te-cool.com:99/fnmzjhwy
http://te-cool.com:99/hnhhhtwy
http://te-cool.com:99/nxchwy
http://te-cool.com:99/capufa
http://te-cool.com:99/scsibangwy
http://te-cool.com:99/lnthlj
http://te-cool.com:99/plwywy
http://te-cool.com:99/hnahwy
http://te-cool.com:99/hzjqwy
http://te-cool.com:99/sdxkwy
http://te-cool.com:99/ykhhwy
http://te-cool.com:99/dljiahewy
http://te-cool.com:99/zakuyewy
http://te-cool.com:99/nmgdzwy
http://te-cool.com:99/hyshtwy
http://te-cool.com:99/zphywy
http://te-cool.com:99/cdsywy
http://te-cool.com:99/zmddfjd
http://te-cool.com:99/cqzcwygl
http://te-cool.com:99/tysrljwy
http://te-cool.com:99/kmlongxi
http://te-cool.com:99/hnsgylsjdgl
http://te-cool.com:99/cqmlgjwl
http://te-cool.com:99/gjcsjstz
http://te-cool.com:99/cslxwy
http://te-cool.com:99/nxfhfdc
http://te-cool.com:99/YYsaasSFB
http://te-cool.com:99/YYsaasBZB
http://te-cool.com:99/YYsaasZLB
http://te-cool.com:99/hzsszz
http://gzfsju.com:8089/admin
http://te-cool.com:99/gzjcwy
http://te-cool.com:99/zyscywygl
http://te-cool.com:99/hbhywy
http://te-cool.com:99/jawyglfw
http://te-cool.com:99/xysdcwy
http://te-cool.com:99/jzstysp
http://te-cool.com:99/fjxyxwy
http://te-cool.com:99/ptshajwy
http://te-cool.com:99/cqsylwy
http://te-cool.com:99/scjsjt
http://te-cool.com:99/sxynjs
http://te-cool.com:99/ysjc
http://te-cool.com:99/yxsm
http://te-cool.com:99/hswy
http://te-cool.com:99/dswy
http://te-cool.com:99/dywy
http://te-cool.com:99/ahzxrj
http://te-cool.com:99/yjfdc
http://te-cool.com:99/fhmcyzwyh
http://te-cool.com:99/bhwy
http://te-cool.com:99/bzcwxwy
http://te-cool.com:99/xadzwy
http://te-cool.com:99/spylshgc
http://te-cool.com:99/xght
http://te-cool.com:99/tsjc
2018-05-19 22:54:06,365 [17972] INFO  YongYou.Server.Program - [AllAPIUrl:
]http://te-cool.com:99/xhwy
http://te-cool.com:99/xsh
http://te-cool.com:99/cddfwns
http://te-cool.com:99/gzykxy
http://te-cool.com:99/scslt
http://te-cool.com:99/cqykwy
http://te-cool.com:99/wuwh
http://te-cool.com:99/cqlswy
http://te-cool.com:99/ncysjx
http://te-cool.com:99/hnxcxd
http://te-cool.com:99/tanling
http://te-cool.com:99/cqat
http://te-cool.com:99/cqxixin
http://te-cool.com:99/cqlvdou
http://te-cool.com:99/cqylwy
http://te-cool.com:99/cqyx
http://te-cool.com:99/gywfwy
http://te-cool.com:99/gdjmhrwy
http://te-cool.com:99/cqsfnm
http://te-cool.com:99/cqjfwu
http://te-cool.com:99/cqhzwy
http://te-cool.com:99/cqfyta
http://te-cool.com:99/cqypwy
http://te-cool.com:99/dqbnhl
http://demo.saasyy.com
http://te-cool.com:99/cqtawy
http://te-cool.com:99/cqxd
http://te-cool.com:99/gdrs
http://te-cool.com:99/cqyoulanwy
http://te-cool.com:99/cqtywy
http://te-cool.com:99/gdszwy
http://te-cool.com:99/ssyqwy
http://te-cool.com:99/gdlrwy
http://te-cool.com:99/qhkzygwy
http://te-cool.com:99/scjjemwy
http://te-cool.com:99/scmaoruiwy
http://te-cool.com:99/scdzyy
http://te-cool.com:99/scsnxzwy
http://te-cool.com:99/scyckywy
http://te-cool.com:99/scjieshunwy
http://te-cool.com:99/qhhxjy
http://te-cool.com:99/scxianyiwy
http://te-cool.com:99/scgythwy
http://te-cool.com:99/xnhongjuwuye
http://te-cool.com:99/lswxtd
http://te-cool.com:99/scxlxwuye
http://te-cool.com:99/cqtongyeyzhy
http://te-cool.com:99/scfrywuye
http://te-cool.com:99/hljsxnwy
http://te-cool.com:99/cqlijiu
http://te-cool.com:99/yysaas
http://te-cool.com:99/yljwy
http://te-cool.com:99/yalejuwy
http://te-cool.com:99/dyhuaxiwy
http://te-cool.com:99/xingchengwy
http://te-cool.com:99/zgkxwy
http://te-cool.com:99/bzhuiyuan
http://te-cool.com:99/cqhjzx
http://te-cool.com:99/ymhhwy
http://te-cool.com:99/ykdhwy
http://te-cool.com:99/djhcwy
http://te-cool.com:99/knsy
http://te-cool.com:99/jinhuawy
http://te-cool.com:99/nxysdrl
http://te-cool.com:99/tianyuewy
http://te-cool.com:99/yjrrwy
http://te-cool.com:99/ldjdwy
http://te-cool.com:99/lbqceshi
http://te-cool.com:99/tjsd
http://te-cool.com:99/hebaj
http://te-cool.com:99/qhjhwy
http://te-cool.com:99/cdhysc
http://te-cool.com:99/nxyzc
http://te-cool.com:99/xnyfwy
http://te-cool.com:99/lbc
http://te-cool.com:99/yxxq
http://te-cool.com:99/xjwy
http://te-cool.com:99/khysxt
http://te-cool.com:99/gyhssy
http://te-cool.com:99/cqrcda
http://te-cool.com:99/jswy
http://te-cool.com:99/scncjh
http://te-cool.com:99/zxhxwy
http://te-cool.com:99/cqqixinwy
http://te-cool.com:99/csbtwy
http://yzdemo.gnway.cc:8000
http://te-cool.com:99/jysjxwy
http://te-cool.com:99/hnsh
http://te-cool.com:99/fnmzjhwy
http://te-cool.com:99/hnhhhtwy
http://te-cool.com:99/nxchwy
http://te-cool.com:99/capufa
http://te-cool.com:99/scsibangwy
http://te-cool.com:99/lnthlj
http://te-cool.com:99/plwywy
http://te-cool.com:99/hnahwy
http://te-cool.com:99/hzjqwy
http://te-cool.com:99/sdxkwy
http://te-cool.com:99/ykhhwy
http://te-cool.com:99/dljiahewy
http://te-cool.com:99/zakuyewy
http://te-cool.com:99/nmgdzwy
http://te-cool.com:99/hyshtwy
http://te-cool.com:99/zphywy
http://te-cool.com:99/cdsywy
http://te-cool.com:99/zmddfjd
http://te-cool.com:99/cqzcwygl
http://te-cool.com:99/tysrljwy
http://te-cool.com:99/kmlongxi
http://te-cool.com:99/hnsgylsjdgl
http://te-cool.com:99/cqmlgjwl
http://te-cool.com:99/gjcsjstz
http://te-cool.com:99/cslxwy
http://te-cool.com:99/nxfhfdc
http://te-cool.com:99/YYsaasSFB
http://te-cool.com:99/YYsaasBZB
http://te-cool.com:99/YYsaasZLB
http://te-cool.com:99/hzsszz
http://gzfsju.com:8089/admin
http://te-cool.com:99/gzjcwy
http://te-cool.com:99/zyscywygl
http://te-cool.com:99/hbhywy
http://te-cool.com:99/jawyglfw
http://te-cool.com:99/xysdcwy
http://te-cool.com:99/jzstysp
http://te-cool.com:99/fjxyxwy
http://te-cool.com:99/ptshajwy
http://te-cool.com:99/cqsylwy
http://te-cool.com:99/scjsjt
http://te-cool.com:99/sxynjs
http://te-cool.com:99/ysjc
http://te-cool.com:99/yxsm
http://te-cool.com:99/hswy
http://te-cool.com:99/dswy
http://te-cool.com:99/dywy
http://te-cool.com:99/ahzxrj
http://te-cool.com:99/yjfdc
http://te-cool.com:99/fhmcyzwyh
http://te-cool.com:99/bhwy
http://te-cool.com:99/bzcwxwy
http://te-cool.com:99/xadzwy
http://te-cool.com:99/spylshgc
http://te-cool.com:99/xght
http://te-cool.com:99/tsjc
